<?xml version="1.0" encoding="UTF-8"?>
<!-- Generated by org.testng.reporters.JUnitReportReporter -->
<testsuite hostname="DESKTOP-G3P2QS5" failures="0" tests="2" name="apr4.AdvanceReports" time="29.125" errors="0" timestamp="2024-04-05T16:28:50 IST" skipped="0">
  <testcase classname="apr4.AdvanceReports" name="passTest" time="14.793"/>
  <testcase classname="apr4.AdvanceReports" name="failTest" time="14.332"/>
</testsuite> <!-- apr4.AdvanceReports -->
