<?xml version="1.0" encoding="UTF-8"?>
<!-- Generated by org.testng.reporters.JUnitReportReporter -->
<testsuite hostname="DESKTOP-G3P2QS5" failures="0" tests="1" name="Apr3testng.UsingPropertyFile" time="10.457" errors="0" timestamp="2024-04-04T14:07:00 IST" skipped="0">
  <testcase classname="Apr3testng.UsingPropertyFile" name="branch" time="10.457">
    <system-out>
      <![CDATA[New Branch with id 26 created Sucessfully]]>
    </system-out>
  </testcase> <!-- branch -->
  <system-out>
    <![CDATA[New Branch with id 26 created Sucessfully]]>
  </system-out>
</testsuite> <!-- Apr3testng.UsingPropertyFile -->
